=== RUN   TestAuthService_Register_Success

2026/02/17 03:22:27 [31;1mE:/antigraviti google/inside engine/insight-engine-ai-ui/backend/services/auth_service.go:51 [35;1mrecord not found
[0m[33m[0.539ms] [34;1m[rows:0][0m SELECT * FROM `users` WHERE email = "newuser@example.com" ORDER BY `users`.`id` LIMIT 1

2026/02/17 03:22:27 [31;1mE:/antigraviti google/inside engine/insight-engine-ai-ui/backend/services/auth_service.go:58 [35;1mrecord not found
[0m[33m[0.000ms] [34;1m[rows:0][0m SELECT * FROM `users` WHERE username = "newuser" ORDER BY `users`.`id` LIMIT 1
--- PASS: TestAuthService_Register_Success (0.23s)
=== RUN   TestAuthService_Register_DuplicateEmail

2026/02/17 03:22:28 [31;1mE:/antigraviti google/inside engine/insight-engine-ai-ui/backend/services/auth_service.go:51 [35;1mrecord not found
[0m[33m[0.000ms] [34;1m[rows:0][0m SELECT * FROM `users` WHERE email = "dup@example.com" ORDER BY `users`.`id` LIMIT 1

2026/02/17 03:22:28 [31;1mE:/antigraviti google/inside engine/insight-engine-ai-ui/backend/services/auth_service.go:58 [35;1mrecord not found
[0m[33m[0.511ms] [34;1m[rows:0][0m SELECT * FROM `users` WHERE username = "user1" ORDER BY `users`.`id` LIMIT 1
--- PASS: TestAuthService_Register_DuplicateEmail (0.11s)
=== RUN   TestAuthService_Register_DuplicateUsername

2026/02/17 03:22:28 [31;1mE:/antigraviti google/inside engine/insight-engine-ai-ui/backend/services/auth_service.go:51 [35;1mrecord not found
[0m[33m[0.000ms] [34;1m[rows:0][0m SELECT * FROM `users` WHERE email = "a@example.com" ORDER BY `users`.`id` LIMIT 1

2026/02/17 03:22:28 [31;1mE:/antigraviti google/inside engine/insight-engine-ai-ui/backend/services/auth_service.go:58 [35;1mrecord not found
[0m[33m[0.000ms] [34;1m[rows:0][0m SELECT * FROM `users` WHERE username = "sameuser" ORDER BY `users`.`id` LIMIT 1

2026/02/17 03:22:28 [31;1mE:/antigraviti google/inside engine/insight-engine-ai-ui/backend/services/auth_service.go:51 [35;1mrecord not found
[0m[33m[0.000ms] [34;1m[rows:0][0m SELECT * FROM `users` WHERE email = "b@example.com" ORDER BY `users`.`id` LIMIT 1
--- PASS: TestAuthService_Register_DuplicateUsername (0.11s)
=== RUN   TestAuthService_Register_InvalidEmail
=== RUN   TestAuthService_Register_InvalidEmail/empty_email
=== RUN   TestAuthService_Register_InvalidEmail/no_@_symbol

2026/02/17 03:22:28 [31;1mE:/antigraviti google/inside engine/insight-engine-ai-ui/backend/services/auth_service.go:51 [35;1mrecord not found
[0m[33m[0.000ms] [34;1m[rows:0][0m SELECT * FROM `users` WHERE email = "invalid" ORDER BY `users`.`id` LIMIT 1

2026/02/17 03:22:28 [31;1mE:/antigraviti google/inside engine/insight-engine-ai-ui/backend/services/auth_service.go:58 [35;1mrecord not found
[0m[33m[1.021ms] [34;1m[rows:0][0m SELECT * FROM `users` WHERE username = "validuser" ORDER BY `users`.`id` LIMIT 1
    auth_service_test.go:118: 
        	Error Trace:	E:/antigraviti google/inside engine/insight-engine-ai-ui/backend/services/auth_service_test.go:118
        	Error:      	An error is expected but got nil.
        	Test:       	TestAuthService_Register_InvalidEmail/no_@_symbol
        	Messages:   	Should fail for: no @ symbol
=== RUN   TestAuthService_Register_InvalidEmail/no_local_part

2026/02/17 03:22:28 [31;1mE:/antigraviti google/inside engine/insight-engine-ai-ui/backend/services/auth_service.go:51 [35;1mrecord not found
[0m[33m[0.000ms] [34;1m[rows:0][0m SELECT * FROM `users` WHERE email = "@example.com" ORDER BY `users`.`id` LIMIT 1
=== RUN   TestAuthService_Register_InvalidEmail/no_domain

2026/02/17 03:22:28 [31;1mE:/antigraviti google/inside engine/insight-engine-ai-ui/backend/services/auth_service.go:51 [35;1mrecord not found
[0m[33m[0.000ms] [34;1m[rows:0][0m SELECT * FROM `users` WHERE email = "test@" ORDER BY `users`.`id` LIMIT 1
--- FAIL: TestAuthService_Register_InvalidEmail (0.09s)
    --- PASS: TestAuthService_Register_InvalidEmail/empty_email (0.00s)
    --- FAIL: TestAuthService_Register_InvalidEmail/no_@_symbol (0.08s)
    --- PASS: TestAuthService_Register_InvalidEmail/no_local_part (0.00s)
    --- PASS: TestAuthService_Register_InvalidEmail/no_domain (0.00s)
=== RUN   TestAuthService_Register_ShortPassword

2026/02/17 03:22:28 [31;1mE:/antigraviti google/inside engine/insight-engine-ai-ui/backend/services/auth_service.go:51 [35;1mrecord not found
[0m[33m[0.000ms] [34;1m[rows:0][0m SELECT * FROM `users` WHERE email = "valid@example.com" ORDER BY `users`.`id` LIMIT 1
--- PASS: TestAuthService_Register_ShortPassword (0.00s)
=== RUN   TestAuthService_Register_EmptyUsername
--- PASS: TestAuthService_Register_EmptyUsername (0.00s)
FAIL
FAIL	insight-engine-backend/services	0.908s
FAIL
